{"name": "first test case: open page using selenium and verify expected title", "status": "failed", "statusDetails": {"message": "AssertionError: assert 'TheTestingAc...ation Testing' == 'TheTestingAcademy'\n  \n  \u001b[0m\u001b[91m- TheTestingAcademy\u001b[39;49;00m\u001b[90m\u001b[39;49;00m\n  \u001b[92m+ TheTestingAcademy | Learn Software Testing and Automation Testing\u001b[39;49;00m\u001b[90m\u001b[39;49;00m", "trace": "@allure.title(\"first test case: open page using selenium and verify expected title\")\n    @allure.description(\"open page using selenium and verify expected title\")\n    def test_first_tc():\n        driver = webdriver.Chrome()\n        driver.maximize_window()\n        driver.get(\"https://thetestingacademy.com/\")\n        #assert driver.title == \"TheTestingAcademy | Learn Software Testing and Automation Testing\"\n>       assert driver.title == \"TheTestingAcademy\"\nE       AssertionError: assert 'TheTestingAc...ation Testing' == 'TheTestingAcademy'\nE         \nE         \u001b[0m\u001b[91m- TheTestingAcademy\u001b[39;49;00m\u001b[90m\u001b[39;49;00m\nE         \u001b[92m+ TheTestingAcademy | Learn Software Testing and Automation Testing\u001b[39;49;00m\u001b[90m\u001b[39;49;00m\n\nsrc\\ex_01_selenium_basics\\test_Selenium_01.py:12: AssertionError"}, "description": "open page using selenium and verify expected title", "start": 1768092817925, "stop": 1768092823157, "uuid": "dc9fad80-5435-45bb-8d74-2e45f4bcc1dc", "historyId": "e4d0e3250b9ecc39ed1ade0919614ded", "testCaseId": "e4d0e3250b9ecc39ed1ade0919614ded", "fullName": "src.ex_01_selenium_basics.test_Selenium_01#test_first_tc", "labels": [{"name": "parentSuite", "value": "src.ex_01_selenium_basics"}, {"name": "suite", "value": "test_Selenium_01"}, {"name": "host", "value": "Vishal"}, {"name": "thread", "value": "27032-MainThread"}, {"name": "framework", "value": "pytest"}, {"name": "language", "value": "cpython3"}, {"name": "package", "value": "src.ex_01_selenium_basics.test_Selenium_01"}], "titlePath": ["src", "ex_01_selenium_basics", "test_Selenium_01.py"]}